<?xml version="1.0" encoding="UTF-8"?>
<!-- Generated by org.testng.reporters.JUnitReportReporter -->
<testsuite hostname="LAPTOP-DBD76A2E" failures="0" tests="6" name="FacebookTest.Anootations" time="0.022" errors="0" timestamp="2022-12-01T16:19:06 IST" skipped="0">
  <testcase classname="FacebookTest.Anootations" name="TC05" time="0.002"/>
  <system-out/>
  <testcase classname="FacebookTest.Anootations" name="TC02" time="0.007"/>
  <system-out/>
  <testcase classname="FacebookTest.Anootations" name="TC03" time="0.003"/>
  <system-out/>
  <testcase classname="FacebookTest.Anootations" name="TC06" time="0.002"/>
  <system-out/>
  <testcase classname="FacebookTest.Anootations" name="TC04" time="0.006"/>
  <system-out/>
  <testcase classname="FacebookTest.Anootations" name="TC01" time="0.002"/>
  <system-out/>
</testsuite> <!-- FacebookTest.Anootations -->
