<?xml version="1.0" encoding="UTF-8"?>
<!-- Generated by org.testng.reporters.JUnitReportReporter -->
<testsuite hostname="LAPTOP-DBD76A2E" failures="0" tests="1" name="FacebookTest.TestClass1" time="0.018" errors="0" timestamp="2022-12-01T16:19:06 IST" skipped="0">
  <testcase classname="FacebookTest.TestClass1" name="TC01" time="0.018"/>
  <system-out/>
</testsuite> <!-- FacebookTest.TestClass1 -->
